> Adding log file with name '2017-01-23-14-30-18MjAxNy0wMS0yMy0xNC0zMC0xOC5sb2c= copy 3.log' to the HashMap:
> Adding log file with name '2017-01-23-14-30-18MjAxNy0wMS0yMy0xNC0zMC0xOC5sb2c= copy.log' to the HashMap:
> Adding log file with name '2017-01-23-14-30-18MjAxNy0wMS0yMy0xNC0zMC0xOC5sb2c=.log' to the HashMap:
> Adding log file with name '2017-01-23-14-58-34MjAxNy0wMS0yMy0xNC01OC0zNC5sb2c= copy 2.log' to the HashMap:
> Adding log file with name '2017-01-23-14-58-34MjAxNy0wMS0yMy0xNC01OC0zNC5sb2c= copy 3.log' to the HashMap:
> Adding log file with name '2017-01-23-14-58-34MjAxNy0wMS0yMy0xNC01OC0zNC5sb2c= copy.log' to the HashMap:
> Adding log file with name '2017-01-23-14-58-34MjAxNy0wMS0yMy0xNC01OC0zNC5sb2c=.log' to the HashMap:
> Adding log file with name '2017-01-23-14-58-57MjAxNy0wMS0yMy0xNC01OC01Ny5sb2c= copy 2.log' to the HashMap:
> Adding log file with name '2017-01-23-14-58-57MjAxNy0wMS0yMy0xNC01OC01Ny5sb2c= copy 3.log' to the HashMap:
> Adding log file with name '2017-01-23-14-58-57MjAxNy0wMS0yMy0xNC01OC01Ny5sb2c= copy.log' to the HashMap:
> Adding log file with name '2017-01-23-14-58-57MjAxNy0wMS0yMy0xNC01OC01Ny5sb2c=.log' to the HashMap:
> Adding log file with name '2017-01-23-15-24-12MjAxNy0wMS0yMy0xNS0yNC0xMi5sb2c= copy 2.log' to the HashMap:
> Adding log file with name '2017-01-23-15-24-12MjAxNy0wMS0yMy0xNS0yNC0xMi5sb2c= copy 3.log' to the HashMap:
> Adding log file with name '2017-01-23-15-24-12MjAxNy0wMS0yMy0xNS0yNC0xMi5sb2c= copy.log' to the HashMap:
> Adding log file with name '2017-01-23-15-24-12MjAxNy0wMS0yMy0xNS0yNC0xMi5sb2c=.log' to the HashMap:
> Adding log file with name '2017-01-23-15-25-02MjAxNy0wMS0yMy0xNS0yNS0wMi5sb2c= copy 2.log' to the HashMap:
> Adding log file with name '2017-01-23-15-25-02MjAxNy0wMS0yMy0xNS0yNS0wMi5sb2c= copy 3.log' to the HashMap:
> Adding log file with name '2017-01-23-15-25-02MjAxNy0wMS0yMy0xNS0yNS0wMi5sb2c= copy 4.log' to the HashMap:
> Adding log file with name '2017-01-23-15-25-02MjAxNy0wMS0yMy0xNS0yNS0wMi5sb2c= copy 5.log' to the HashMap:
> Adding log file with name '2017-01-23-15-25-02MjAxNy0wMS0yMy0xNS0yNS0wMi5sb2c= copy 6.log' to the HashMap:
> Adding log file with name '2017-01-23-15-25-02MjAxNy0wMS0yMy0xNS0yNS0wMi5sb2c= copy.log' to the HashMap:
> Adding log file with name '2017-01-23-15-25-02MjAxNy0wMS0yMy0xNS0yNS0wMi5sb2c=.log' to the HashMap:
> Adding log file with name '2017-01-23-19-14-36MjAxNy0wMS0yMy0xOS0xNC0zNi5sb2c=.log' to the HashMap:
> Adding log file with name '2017-01-23-19-17-27MjAxNy0wMS0yMy0xOS0xNy0yNy5sb2c=.log' to the HashMap:
> Adding log file with name '2017-01-23-19-19-32MjAxNy0wMS0yMy0xOS0xOS0zMi5sb2c=.log' to the HashMap:
> Adding log file with name '2017-01-23-19-23-08MjAxNy0wMS0yMy0xOS0yMy0wOC5sb2c=.log' to the HashMap:
> Adding log file with name '2017-01-23-19-24-23MjAxNy0wMS0yMy0xOS0yNC0yMy5sb2c=.log' to the HashMap:
> {2017-01-23=2017-01-23-19-24-23MjAxNy0wMS0yMy0xOS0yNC0yMy5sb2c=.log}
> Initializing application...
> Initializing AppData...



> Updating cell at position (2, 0)...
> 	- Title: 'Enabled'
> 	- Type:  'Boolean'
> 	- Value: 'false'
> Cell updated successfully
>
> Updating cell at position (2, 0)...
> 	- Title: 'Enabled'
> 	- Type:  'Boolean'
> 	- Value: 'true'
> Cell updated successfully
>
> Exiting application
> Success
