> Adding log file with name '2017-01-21-09-32-19MjAxNy0wMS0yMS0wOS0zMi0xOS5sb2c=.log' to the HashMap:
> Adding log file with name '2017-01-21-09-44-43MjAxNy0wMS0yMS0wOS00NC00My5sb2c=.log' to the HashMap:
> Adding log file with name '2017-01-21-10-05-00MjAxNy0wMS0yMS0xMC0wNS0wMC5sb2c=.log' to the HashMap:
> Adding log file with name '2017-01-21-10-07-22MjAxNy0wMS0yMS0xMC0wNy0yMi5sb2c=.log' to the HashMap:
> Adding log file with name '2017-01-21-10-11-38MjAxNy0wMS0yMS0xMC0xMS0zOC5sb2c=.log' to the HashMap:
> Adding log file with name '2017-01-21-10-12-29MjAxNy0wMS0yMS0xMC0xMi0yOS5sb2c=.log' to the HashMap:
> Adding log file with name '2017-01-21-10-38-05MjAxNy0wMS0yMS0xMC0zOC0wNS5sb2c=.log' to the HashMap:
> Adding log file with name '2017-01-21-10-38-55MjAxNy0wMS0yMS0xMC0zOC01NS5sb2c=.log' to the HashMap:
> Adding log file with name '2017-01-21-10-39-21MjAxNy0wMS0yMS0xMC0zOS0yMS5sb2c=.log' to the HashMap:
> Adding log file with name '2017-01-21-10-40-10MjAxNy0wMS0yMS0xMC00MC0xMC5sb2c=.log' to the HashMap:
> Adding log file with name '2017-01-21-10-45-02MjAxNy0wMS0yMS0xMC00NS0wMi5sb2c=.log' to the HashMap:
> Adding log file with name '2017-01-21-10-50-18MjAxNy0wMS0yMS0xMC01MC0xOC5sb2c=.log' to the HashMap:
> Adding log file with name '2017-01-21-10-55-32MjAxNy0wMS0yMS0xMC01NS0zMi5sb2c=.log' to the HashMap:
> Adding log file with name '2017-01-21-10-56-35MjAxNy0wMS0yMS0xMC01Ni0zNS5sb2c=.log' to the HashMap:
> Adding log file with name '2017-01-21-10-58-12MjAxNy0wMS0yMS0xMC01OC0xMi5sb2c=.log' to the HashMap:
> Adding log file with name '2017-01-21-10-58-45MjAxNy0wMS0yMS0xMC01OC00NS5sb2c=.log' to the HashMap:
> Adding log file with name '2017-01-21-10-59-13MjAxNy0wMS0yMS0xMC01OS0xMy5sb2c=.log' to the HashMap:
> Adding log file with name '2017-01-21-11-03-18MjAxNy0wMS0yMS0xMS0wMy0xOC5sb2c=.log' to the HashMap:
> Adding log file with name '2017-01-21-11-04-59MjAxNy0wMS0yMS0xMS0wNC01OS5sb2c=.log' to the HashMap:
> Adding log file with name '2017-01-21-11-06-19MjAxNy0wMS0yMS0xMS0wNi0xOS5sb2c=.log' to the HashMap:
> Adding log file with name '2017-01-21-11-08-06MjAxNy0wMS0yMS0xMS0wOC0wNi5sb2c=.log' to the HashMap:
> Adding log file with name '2017-01-21-11-10-02MjAxNy0wMS0yMS0xMS0xMC0wMi5sb2c=.log' to the HashMap:
> Adding log file with name '2017-01-21-11-15-51MjAxNy0wMS0yMS0xMS0xNS01MS5sb2c=.log' to the HashMap:
> Adding log file with name '2017-01-21-11-18-25MjAxNy0wMS0yMS0xMS0xOC0yNS5sb2c=.log' to the HashMap:
> Adding log file with name '2017-01-21-11-23-37MjAxNy0wMS0yMS0xMS0yMy0zNy5sb2c=.log' to the HashMap:
> Adding log file with name '2017-01-21-11-24-11MjAxNy0wMS0yMS0xMS0yNC0xMS5sb2c=.log' to the HashMap:
> Adding log file with name '2017-01-21-11-25-06MjAxNy0wMS0yMS0xMS0yNS0wNi5sb2c=.log' to the HashMap:
> Adding log file with name '2017-01-21-11-26-40MjAxNy0wMS0yMS0xMS0yNi00MC5sb2c=.log' to the HashMap:
> Adding log file with name '2017-01-21-11-27-27MjAxNy0wMS0yMS0xMS0yNy0yNy5sb2c=.log' to the HashMap:
> Adding log file with name '2017-01-21-11-31-23MjAxNy0wMS0yMS0xMS0zMS0yMy5sb2c=.log' to the HashMap:
> Adding log file with name '2017-01-21-11-32-38MjAxNy0wMS0yMS0xMS0zMi0zOC5sb2c=.log' to the HashMap:
> Adding log file with name '2017-01-21-11-33-07MjAxNy0wMS0yMS0xMS0zMy0wNy5sb2c=.log' to the HashMap:
> Adding log file with name '2017-01-21-11-34-28MjAxNy0wMS0yMS0xMS0zNC0yOC5sb2c=.log' to the HashMap:
> Adding log file with name '2017-01-21-11-35-15MjAxNy0wMS0yMS0xMS0zNS0xNS5sb2c=.log' to the HashMap:
> Adding log file with name '2017-01-21-11-38-18MjAxNy0wMS0yMS0xMS0zOC0xOC5sb2c=.log' to the HashMap:
> Adding log file with name '2017-01-21-11-39-57MjAxNy0wMS0yMS0xMS0zOS01Ny5sb2c=.log' to the HashMap:
> Adding log file with name '2017-01-21-11-42-06MjAxNy0wMS0yMS0xMS00Mi0wNi5sb2c=.log' to the HashMap:
> Adding log file with name '2017-01-21-11-50-09MjAxNy0wMS0yMS0xMS01MC0wOS5sb2c=.log' to the HashMap:
> Adding log file with name '2017-01-21-11-50-50MjAxNy0wMS0yMS0xMS01MC01MC5sb2c=.log' to the HashMap:
> Adding log file with name '2017-01-21-11-53-02MjAxNy0wMS0yMS0xMS01My0wMi5sb2c=.log' to the HashMap:
> Adding log file with name '2017-01-21-12-23-42MjAxNy0wMS0yMS0xMi0yMy00Mi5sb2c=.log' to the HashMap:
> Adding log file with name '2017-01-21-12-24-14MjAxNy0wMS0yMS0xMi0yNC0xNC5sb2c=.log' to the HashMap:
> Adding log file with name '2017-01-21-12-24-38MjAxNy0wMS0yMS0xMi0yNC0zOC5sb2c=.log' to the HashMap:
> Adding log file with name '2017-01-21-12-25-46MjAxNy0wMS0yMS0xMi0yNS00Ni5sb2c=.log' to the HashMap:
> Adding log file with name '2017-01-21-12-34-35MjAxNy0wMS0yMS0xMi0zNC0zNS5sb2c=.log' to the HashMap:
> Adding log file with name '2017-01-21-12-42-35MjAxNy0wMS0yMS0xMi00Mi0zNS5sb2c=.log' to the HashMap:
> Adding log file with name '2017-01-21-12-46-32MjAxNy0wMS0yMS0xMi00Ni0zMi5sb2c=.log' to the HashMap:
> Adding log file with name '2017-01-21-12-47-37MjAxNy0wMS0yMS0xMi00Ny0zNy5sb2c=.log' to the HashMap:
> Adding log file with name '2017-01-21-12-49-55MjAxNy0wMS0yMS0xMi00OS01NS5sb2c=.log' to the HashMap:
> Adding log file with name '2017-01-21-12-49-56MjAxNy0wMS0yMS0xMi00OS01Ni5sb2c=.log' to the HashMap:
> Adding log file with name '2017-01-21-12-50-47MjAxNy0wMS0yMS0xMi01MC00Ny5sb2c=.log' to the HashMap:
> Adding log file with name '2017-01-21-12-51-04MjAxNy0wMS0yMS0xMi01MS0wNC5sb2c=.log' to the HashMap:
> Adding log file with name '2017-01-21-12-52-44MjAxNy0wMS0yMS0xMi01Mi00NC5sb2c=.log' to the HashMap:
> Adding log file with name '2017-01-21-12-54-23MjAxNy0wMS0yMS0xMi01NC0yMy5sb2c=.log' to the HashMap:
> Adding log file with name '2017-01-21-12-55-07MjAxNy0wMS0yMS0xMi01NS0wNy5sb2c=.log' to the HashMap:
> Adding log file with name '2017-01-21-12-56-42MjAxNy0wMS0yMS0xMi01Ni00Mi5sb2c=.log' to the HashMap:
> Adding log file with name '2017-01-21-12-59-27MjAxNy0wMS0yMS0xMi01OS0yNy5sb2c=.log' to the HashMap:
> Adding log file with name '2017-01-21-13-02-02MjAxNy0wMS0yMS0xMy0wMi0wMi5sb2c=.log' to the HashMap:
> Adding log file with name '2017-01-21-13-07-37MjAxNy0wMS0yMS0xMy0wNy0zNy5sb2c=.log' to the HashMap:
> Adding log file with name '2017-01-21-13-15-59MjAxNy0wMS0yMS0xMy0xNS01OS5sb2c=.log' to the HashMap:
> Adding log file with name '2017-01-21-13-16-39MjAxNy0wMS0yMS0xMy0xNi0zOS5sb2c=.log' to the HashMap:
> Adding log file with name '2017-01-21-13-17-09MjAxNy0wMS0yMS0xMy0xNy0wOS5sb2c=.log' to the HashMap:
> Adding log file with name '2017-01-21-13-18-24MjAxNy0wMS0yMS0xMy0xOC0yNC5sb2c=.log' to the HashMap:
> Adding log file with name '2017-01-21-13-18-40MjAxNy0wMS0yMS0xMy0xOC00MC5sb2c=.log' to the HashMap:
> Adding log file with name '2017-01-21-13-19-16MjAxNy0wMS0yMS0xMy0xOS0xNi5sb2c=.log' to the HashMap:
> Adding log file with name '2017-01-21-13-21-36MjAxNy0wMS0yMS0xMy0yMS0zNi5sb2c=.log' to the HashMap:
> Adding log file with name '2017-01-21-13-21-56MjAxNy0wMS0yMS0xMy0yMS01Ni5sb2c=.log' to the HashMap:
> Adding log file with name '2017-01-21-13-24-49MjAxNy0wMS0yMS0xMy0yNC00OS5sb2c=.log' to the HashMap:
> Adding log file with name '2017-01-21-13-26-09MjAxNy0wMS0yMS0xMy0yNi0wOS5sb2c=.log' to the HashMap:
> Adding log file with name '2017-01-21-13-29-04MjAxNy0wMS0yMS0xMy0yOS0wNC5sb2c=.log' to the HashMap:
> Adding log file with name '2017-01-21-13-31-23MjAxNy0wMS0yMS0xMy0zMS0yMy5sb2c=.log' to the HashMap:
> Adding log file with name '2017-01-21-13-34-02MjAxNy0wMS0yMS0xMy0zNC0wMi5sb2c=.log' to the HashMap:
> Adding log file with name '2017-01-21-13-34-43MjAxNy0wMS0yMS0xMy0zNC00My5sb2c=.log' to the HashMap:
> Adding log file with name '2017-01-21-13-37-52MjAxNy0wMS0yMS0xMy0zNy01Mi5sb2c=.log' to the HashMap:
> Adding log file with name '2017-01-21-13-38-31MjAxNy0wMS0yMS0xMy0zOC0zMS5sb2c=.log' to the HashMap:
> Adding log file with name '2017-01-21-13-39-09MjAxNy0wMS0yMS0xMy0zOS0wOS5sb2c=.log' to the HashMap:
> Adding log file with name '2017-01-21-13-39-29MjAxNy0wMS0yMS0xMy0zOS0yOS5sb2c=.log' to the HashMap:
> Adding log file with name '2017-01-21-13-54-19MjAxNy0wMS0yMS0xMy01NC0xOS5sb2c=.log' to the HashMap:
> Adding log file with name '2017-01-21-13-55-11MjAxNy0wMS0yMS0xMy01NS0xMS5sb2c=.log' to the HashMap:
> Adding log file with name '2017-01-21-13-59-40MjAxNy0wMS0yMS0xMy01OS00MC5sb2c=.log' to the HashMap:
> Adding log file with name '2017-01-21-14-02-56MjAxNy0wMS0yMS0xNC0wMi01Ni5sb2c=.log' to the HashMap:
> Adding log file with name '2017-01-21-14-06-58MjAxNy0wMS0yMS0xNC0wNi01OC5sb2c=.log' to the HashMap:
> Adding log file with name '2017-01-21-14-08-20MjAxNy0wMS0yMS0xNC0wOC0yMC5sb2c=.log' to the HashMap:
> Adding log file with name '2017-01-21-14-09-59MjAxNy0wMS0yMS0xNC0wOS01OS5sb2c=.log' to the HashMap:
> Adding log file with name '2017-01-21-14-14-30MjAxNy0wMS0yMS0xNC0xNC0zMC5sb2c=.log' to the HashMap:
> Adding log file with name '2017-01-21-14-14-49MjAxNy0wMS0yMS0xNC0xNC00OS5sb2c=.log' to the HashMap:
> Adding log file with name '2017-01-21-14-15-02MjAxNy0wMS0yMS0xNC0xNS0wMi5sb2c=.log' to the HashMap:
> Adding log file with name '2017-01-21-14-15-50MjAxNy0wMS0yMS0xNC0xNS01MC5sb2c=.log' to the HashMap:
> Adding log file with name '2017-01-21-14-18-18MjAxNy0wMS0yMS0xNC0xOC0xOC5sb2c=.log' to the HashMap:
> Adding log file with name '2017-01-21-14-21-58MjAxNy0wMS0yMS0xNC0yMS01OC5sb2c=.log' to the HashMap:
> Adding log file with name '2017-01-21-14-22-20MjAxNy0wMS0yMS0xNC0yMi0yMC5sb2c=.log' to the HashMap:
> Adding log file with name '2017-01-21-14-24-43MjAxNy0wMS0yMS0xNC0yNC00My5sb2c=.log' to the HashMap:
> Adding log file with name '2017-01-21-14-25-46MjAxNy0wMS0yMS0xNC0yNS00Ni5sb2c=.log' to the HashMap:
> Adding log file with name '2017-01-21-14-41-03MjAxNy0wMS0yMS0xNC00MS0wMy5sb2c=.log' to the HashMap:
> Adding log file with name '2017-01-21-14-47-08MjAxNy0wMS0yMS0xNC00Ny0wOC5sb2c=.log' to the HashMap:
> Adding log file with name '2017-01-21-14-48-07MjAxNy0wMS0yMS0xNC00OC0wNy5sb2c=.log' to the HashMap:
> Adding log file with name '2017-01-21-14-51-54MjAxNy0wMS0yMS0xNC01MS01NC5sb2c=.log' to the HashMap:
> Adding log file with name '2017-01-21-14-57-31MjAxNy0wMS0yMS0xNC01Ny0zMS5sb2c=.log' to the HashMap:
> Adding log file with name '2017-01-21-15-01-27MjAxNy0wMS0yMS0xNS0wMS0yNy5sb2c=.log' to the HashMap:
> Adding log file with name '2017-01-21-15-02-26MjAxNy0wMS0yMS0xNS0wMi0yNi5sb2c=.log' to the HashMap:
> Adding log file with name '2017-01-21-15-03-16MjAxNy0wMS0yMS0xNS0wMy0xNi5sb2c=.log' to the HashMap:
> Adding log file with name '2017-01-21-15-05-41MjAxNy0wMS0yMS0xNS0wNS00MS5sb2c=.log' to the HashMap:
> Adding log file with name '2017-01-21-15-06-30MjAxNy0wMS0yMS0xNS0wNi0zMC5sb2c=.log' to the HashMap:
> Adding log file with name '2017-01-21-15-08-20MjAxNy0wMS0yMS0xNS0wOC0yMC5sb2c=.log' to the HashMap:
> Adding log file with name '2017-01-21-15-09-10MjAxNy0wMS0yMS0xNS0wOS0xMC5sb2c=.log' to the HashMap:
> Adding log file with name '2017-01-21-15-09-41MjAxNy0wMS0yMS0xNS0wOS00MS5sb2c=.log' to the HashMap:
> Adding log file with name '2017-01-21-15-11-30MjAxNy0wMS0yMS0xNS0xMS0zMC5sb2c=.log' to the HashMap:
> Adding log file with name '2017-01-21-15-15-58MjAxNy0wMS0yMS0xNS0xNS01OC5sb2c=.log' to the HashMap:
> Adding log file with name '2017-01-21-15-16-31MjAxNy0wMS0yMS0xNS0xNi0zMS5sb2c=.log' to the HashMap:
> Adding log file with name '2017-01-21-15-17-09MjAxNy0wMS0yMS0xNS0xNy0wOS5sb2c=.log' to the HashMap:
> Adding log file with name '2017-01-21-15-18-53MjAxNy0wMS0yMS0xNS0xOC01My5sb2c=.log' to the HashMap:
> Adding log file with name '2017-01-21-15-18-58MjAxNy0wMS0yMS0xNS0xOC01OC5sb2c=.log' to the HashMap:
> Adding log file with name '2017-01-21-15-19-26MjAxNy0wMS0yMS0xNS0xOS0yNi5sb2c=.log' to the HashMap:
> Adding log file with name '2017-01-21-15-21-59MjAxNy0wMS0yMS0xNS0yMS01OS5sb2c=.log' to the HashMap:
> Adding log file with name '2017-01-21-15-22-31MjAxNy0wMS0yMS0xNS0yMi0zMS5sb2c=.log' to the HashMap:
> Adding log file with name '2017-01-21-15-23-06MjAxNy0wMS0yMS0xNS0yMy0wNi5sb2c=.log' to the HashMap:
> Adding log file with name '2017-01-21-15-23-51MjAxNy0wMS0yMS0xNS0yMy01MS5sb2c=.log' to the HashMap:
> Adding log file with name '2017-01-21-15-25-10MjAxNy0wMS0yMS0xNS0yNS0xMC5sb2c=.log' to the HashMap:
> Adding log file with name '2017-01-21-15-25-36MjAxNy0wMS0yMS0xNS0yNS0zNi5sb2c=.log' to the HashMap:
> Adding log file with name '2017-01-21-15-26-25MjAxNy0wMS0yMS0xNS0yNi0yNS5sb2c=.log' to the HashMap:
> Adding log file with name '2017-01-21-15-26-52MjAxNy0wMS0yMS0xNS0yNi01Mi5sb2c=.log' to the HashMap:
> Adding log file with name '2017-01-21-15-29-16MjAxNy0wMS0yMS0xNS0yOS0xNi5sb2c=.log' to the HashMap:
> Adding log file with name '2017-01-21-15-30-00MjAxNy0wMS0yMS0xNS0zMC0wMC5sb2c=.log' to the HashMap:
> Adding log file with name '2017-01-21-15-30-59MjAxNy0wMS0yMS0xNS0zMC01OS5sb2c=.log' to the HashMap:
> Adding log file with name '2017-01-21-15-32-56MjAxNy0wMS0yMS0xNS0zMi01Ni5sb2c=.log' to the HashMap:
> Adding log file with name '2017-01-21-15-33-53MjAxNy0wMS0yMS0xNS0zMy01My5sb2c=.log' to the HashMap:
> Adding log file with name '2017-01-21-15-35-56MjAxNy0wMS0yMS0xNS0zNS01Ni5sb2c=.log' to the HashMap:
> Adding log file with name '2017-01-21-15-37-39MjAxNy0wMS0yMS0xNS0zNy0zOS5sb2c=.log' to the HashMap:
> Adding log file with name '2017-01-21-15-38-35MjAxNy0wMS0yMS0xNS0zOC0zNS5sb2c=.log' to the HashMap:
> Adding log file with name '2017-01-21-15-38-53MjAxNy0wMS0yMS0xNS0zOC01My5sb2c=.log' to the HashMap:
> Adding log file with name '2017-01-21-15-39-51MjAxNy0wMS0yMS0xNS0zOS01MS5sb2c=.log' to the HashMap:
> Adding log file with name '2017-01-21-15-41-21MjAxNy0wMS0yMS0xNS00MS0yMS5sb2c=.log' to the HashMap:
> Adding log file with name '2017-01-21-15-41-40MjAxNy0wMS0yMS0xNS00MS00MC5sb2c=.log' to the HashMap:
> Adding log file with name '2017-01-21-15-47-24MjAxNy0wMS0yMS0xNS00Ny0yNC5sb2c=.log' to the HashMap:
> Adding log file with name '2017-01-21-15-48-16MjAxNy0wMS0yMS0xNS00OC0xNi5sb2c=.log' to the HashMap:
> Adding log file with name '2017-01-21-15-49-15MjAxNy0wMS0yMS0xNS00OS0xNS5sb2c=.log' to the HashMap:
> Adding log file with name '2017-01-21-15-51-20MjAxNy0wMS0yMS0xNS01MS0yMC5sb2c=.log' to the HashMap:
> Adding log file with name '2017-01-21-15-55-27MjAxNy0wMS0yMS0xNS01NS0yNy5sb2c=.log' to the HashMap:
> Adding log file with name '2017-01-21-15-56-25MjAxNy0wMS0yMS0xNS01Ni0yNS5sb2c=.log' to the HashMap:
> Adding log file with name '2017-01-21-15-58-47MjAxNy0wMS0yMS0xNS01OC00Ny5sb2c=.log' to the HashMap:
> Adding log file with name '2017-01-21-15-59-17MjAxNy0wMS0yMS0xNS01OS0xNy5sb2c=.log' to the HashMap:
> Adding log file with name '2017-01-21-16-02-14MjAxNy0wMS0yMS0xNi0wMi0xNC5sb2c=.log' to the HashMap:
> Adding log file with name '2017-01-21-16-02-45MjAxNy0wMS0yMS0xNi0wMi00NS5sb2c=.log' to the HashMap:
> Adding log file with name '2017-01-21-16-06-16MjAxNy0wMS0yMS0xNi0wNi0xNi5sb2c=.log' to the HashMap:
> Adding log file with name '2017-01-21-16-07-06MjAxNy0wMS0yMS0xNi0wNy0wNi5sb2c=.log' to the HashMap:
> Adding log file with name '2017-01-21-16-07-33MjAxNy0wMS0yMS0xNi0wNy0zMy5sb2c=.log' to the HashMap:
> Adding log file with name '2017-01-21-16-08-42MjAxNy0wMS0yMS0xNi0wOC00Mi5sb2c=.log' to the HashMap:
> Adding log file with name '2017-01-21-16-09-21MjAxNy0wMS0yMS0xNi0wOS0yMS5sb2c=.log' to the HashMap:
> Adding log file with name '2017-01-21-16-10-40MjAxNy0wMS0yMS0xNi0xMC00MC5sb2c=.log' to the HashMap:
> Adding log file with name '2017-01-21-16-11-25MjAxNy0wMS0yMS0xNi0xMS0yNS5sb2c=.log' to the HashMap:
> Adding log file with name '2017-01-21-16-11-45MjAxNy0wMS0yMS0xNi0xMS00NS5sb2c=.log' to the HashMap:
> Adding log file with name '2017-01-21-16-12-40MjAxNy0wMS0yMS0xNi0xMi00MC5sb2c=.log' to the HashMap:
> Adding log file with name '2017-01-21-16-13-27MjAxNy0wMS0yMS0xNi0xMy0yNy5sb2c=.log' to the HashMap:
> Adding log file with name '2017-01-21-16-13-31MjAxNy0wMS0yMS0xNi0xMy0zMS5sb2c=.log' to the HashMap:
> Adding log file with name '2017-01-21-16-15-35MjAxNy0wMS0yMS0xNi0xNS0zNS5sb2c=.log' to the HashMap:
> Adding log file with name '2017-01-21-16-15-48MjAxNy0wMS0yMS0xNi0xNS00OC5sb2c=.log' to the HashMap:
> Adding log file with name '2017-01-21-16-23-43MjAxNy0wMS0yMS0xNi0yMy00My5sb2c=.log' to the HashMap:
> Adding log file with name '2017-01-21-16-25-09MjAxNy0wMS0yMS0xNi0yNS0wOS5sb2c=.log' to the HashMap:
> Adding log file with name '2017-01-21-16-26-16MjAxNy0wMS0yMS0xNi0yNi0xNi5sb2c=.log' to the HashMap:
> Adding log file with name '2017-01-21-16-28-29MjAxNy0wMS0yMS0xNi0yOC0yOS5sb2c=.log' to the HashMap:
> Adding log file with name '2017-01-21-16-29-36MjAxNy0wMS0yMS0xNi0yOS0zNi5sb2c=.log' to the HashMap:
> Adding log file with name '2017-01-21-18-13-50MjAxNy0wMS0yMS0xOC0xMy01MC5sb2c=.log' to the HashMap:
> Adding log file with name '2017-01-21-18-14-13MjAxNy0wMS0yMS0xOC0xNC0xMy5sb2c=.log' to the HashMap:
> Adding log file with name '2017-01-21-18-18-20MjAxNy0wMS0yMS0xOC0xOC0yMC5sb2c=.log' to the HashMap:
> Adding log file with name '2017-01-23-14-24-23MjAxNy0wMS0yMy0xNC0yNC0yMy5sb2c=.log' to the HashMap:
> Adding log file with name '2017-01-23-14-24-47MjAxNy0wMS0yMy0xNC0yNC00Ny5sb2c=.log' to the HashMap:
> Adding log file with name '2017-01-23-14-28-17MjAxNy0wMS0yMy0xNC0yOC0xNy5sb2c=.log' to the HashMap:
> Adding log file with name '2017-01-23-14-30-18MjAxNy0wMS0yMy0xNC0zMC0xOC5sb2c=.log' to the HashMap:
> Adding log file with name '2017-01-23-14-58-34MjAxNy0wMS0yMy0xNC01OC0zNC5sb2c=.log' to the HashMap:
> Adding log file with name '2017-01-23-14-58-57MjAxNy0wMS0yMy0xNC01OC01Ny5sb2c=.log' to the HashMap:
> Adding log file with name '2017-01-23-15-24-12MjAxNy0wMS0yMy0xNS0yNC0xMi5sb2c=.log' to the HashMap:
> {2017-01-21=2017-01-21-18-18-20MjAxNy0wMS0yMS0xOC0xOC0yMC5sb2c=.log, 2017-01-23=2017-01-23-15-24-12MjAxNy0wMS0yMy0xNS0yNC0xMi5sb2c=.log}
> Initializing application...
> Initializing AppData...



> Exiting application
> Success
