> Adding log file with name '2017-01-23-14-30-18MjAxNy0wMS0yMy0xNC0zMC0xOC5sb2c= copy 3.log' to the HashMap:
> Adding log file with name '2017-01-23-14-30-18MjAxNy0wMS0yMy0xNC0zMC0xOC5sb2c= copy.log' to the HashMap:
> Adding log file with name '2017-01-23-14-30-18MjAxNy0wMS0yMy0xNC0zMC0xOC5sb2c=.log' to the HashMap:
> Adding log file with name '2017-01-23-14-58-34MjAxNy0wMS0yMy0xNC01OC0zNC5sb2c= copy 2.log' to the HashMap:
> Adding log file with name '2017-01-23-14-58-34MjAxNy0wMS0yMy0xNC01OC0zNC5sb2c= copy 3.log' to the HashMap:
> Adding log file with name '2017-01-23-14-58-34MjAxNy0wMS0yMy0xNC01OC0zNC5sb2c= copy.log' to the HashMap:
> Adding log file with name '2017-01-23-14-58-34MjAxNy0wMS0yMy0xNC01OC0zNC5sb2c=.log' to the HashMap:
> Adding log file with name '2017-01-23-14-58-57MjAxNy0wMS0yMy0xNC01OC01Ny5sb2c= copy 2.log' to the HashMap:
> Adding log file with name '2017-01-23-14-58-57MjAxNy0wMS0yMy0xNC01OC01Ny5sb2c= copy 3.log' to the HashMap:
> Adding log file with name '2017-01-23-14-58-57MjAxNy0wMS0yMy0xNC01OC01Ny5sb2c= copy.log' to the HashMap:
> Adding log file with name '2017-01-23-14-58-57MjAxNy0wMS0yMy0xNC01OC01Ny5sb2c=.log' to the HashMap:
> Adding log file with name '2017-01-23-15-24-12MjAxNy0wMS0yMy0xNS0yNC0xMi5sb2c= copy 2.log' to the HashMap:
> Adding log file with name '2017-01-23-15-24-12MjAxNy0wMS0yMy0xNS0yNC0xMi5sb2c= copy 3.log' to the HashMap:
> Adding log file with name '2017-01-23-15-24-12MjAxNy0wMS0yMy0xNS0yNC0xMi5sb2c= copy.log' to the HashMap:
> Adding log file with name '2017-01-23-15-24-12MjAxNy0wMS0yMy0xNS0yNC0xMi5sb2c=.log' to the HashMap:
> Adding log file with name '2017-01-23-15-25-02MjAxNy0wMS0yMy0xNS0yNS0wMi5sb2c= copy 2.log' to the HashMap:
> Adding log file with name '2017-01-23-15-25-02MjAxNy0wMS0yMy0xNS0yNS0wMi5sb2c= copy 3.log' to the HashMap:
> Adding log file with name '2017-01-23-15-25-02MjAxNy0wMS0yMy0xNS0yNS0wMi5sb2c= copy 4.log' to the HashMap:
> Adding log file with name '2017-01-23-15-25-02MjAxNy0wMS0yMy0xNS0yNS0wMi5sb2c= copy 5.log' to the HashMap:
> Adding log file with name '2017-01-23-15-25-02MjAxNy0wMS0yMy0xNS0yNS0wMi5sb2c= copy 6.log' to the HashMap:
> Adding log file with name '2017-01-23-15-25-02MjAxNy0wMS0yMy0xNS0yNS0wMi5sb2c= copy.log' to the HashMap:
> Adding log file with name '2017-01-23-15-25-02MjAxNy0wMS0yMy0xNS0yNS0wMi5sb2c=.log' to the HashMap:
> Adding log file with name '2017-01-23-19-14-36MjAxNy0wMS0yMy0xOS0xNC0zNi5sb2c=.log' to the HashMap:
> Adding log file with name '2017-01-23-19-17-27MjAxNy0wMS0yMy0xOS0xNy0yNy5sb2c=.log' to the HashMap:
> Adding log file with name '2017-01-23-19-19-32MjAxNy0wMS0yMy0xOS0xOS0zMi5sb2c=.log' to the HashMap:
> {2017-01-23-15-25-02MjAxNy0wMS0yMy0xNS0yNS0wMi5sb2c= copy.log=2017-01-23-15-25-02MjAxNy0wMS0yMy0xNS0yNS0wMi5sb2c= copy.log, 2017-01-23-19-17-27MjAxNy0wMS0yMy0xOS0xNy0yNy5sb2c=.log=2017-01-23-19-17-27MjAxNy0wMS0yMy0xOS0xNy0yNy5sb2c=.log, 2017-01-23-14-30-18MjAxNy0wMS0yMy0xNC0zMC0xOC5sb2c=.log=2017-01-23-14-30-18MjAxNy0wMS0yMy0xNC0zMC0xOC5sb2c=.log, 2017-01-23-15-24-12MjAxNy0wMS0yMy0xNS0yNC0xMi5sb2c= copy 2.log=2017-01-23-15-24-12MjAxNy0wMS0yMy0xNS0yNC0xMi5sb2c= copy 2.log, 2017-01-23-15-25-02MjAxNy0wMS0yMy0xNS0yNS0wMi5sb2c= copy 2.log=2017-01-23-15-25-02MjAxNy0wMS0yMy0xNS0yNS0wMi5sb2c= copy 2.log, 2017-01-23-14-58-57MjAxNy0wMS0yMy0xNC01OC01Ny5sb2c= copy 2.log=2017-01-23-14-58-57MjAxNy0wMS0yMy0xNC01OC01Ny5sb2c= copy 2.log, 2017-01-23-15-24-12MjAxNy0wMS0yMy0xNS0yNC0xMi5sb2c=.log=2017-01-23-15-24-12MjAxNy0wMS0yMy0xNS0yNC0xMi5sb2c=.log, 2017-01-23-14-58-34MjAxNy0wMS0yMy0xNC01OC0zNC5sb2c= copy 3.log=2017-01-23-14-58-34MjAxNy0wMS0yMy0xNC01OC0zNC5sb2c= copy 3.log, 2017-01-23-14-30-18MjAxNy0wMS0yMy0xNC0zMC0xOC5sb2c= copy 2.log=2017-01-23-14-30-18MjAxNy0wMS0yMy0xNC0zMC0xOC5sb2c= copy 2.log, 2017-01-23-14-58-34MjAxNy0wMS0yMy0xNC01OC0zNC5sb2c=.log=2017-01-23-14-58-34MjAxNy0wMS0yMy0xNC01OC0zNC5sb2c=.log, 2017-01-23-14-58-57MjAxNy0wMS0yMy0xNC01OC01Ny5sb2c= copy.log=2017-01-23-14-58-57MjAxNy0wMS0yMy0xNC01OC01Ny5sb2c= copy.log, 2017-01-23-14-58-57MjAxNy0wMS0yMy0xNC01OC01Ny5sb2c= copy 3.log=2017-01-23-14-58-57MjAxNy0wMS0yMy0xNC01OC01Ny5sb2c= copy 3.log, 2017-01-23-15-25-02MjAxNy0wMS0yMy0xNS0yNS0wMi5sb2c= copy 3.log=2017-01-23-15-25-02MjAxNy0wMS0yMy0xNS0yNS0wMi5sb2c= copy 3.log, 2017-01-23-14-58-34MjAxNy0wMS0yMy0xNC01OC0zNC5sb2c= copy.log=2017-01-23-14-58-34MjAxNy0wMS0yMy0xNC01OC0zNC5sb2c= copy.log, 2017-01-23-15-25-02MjAxNy0wMS0yMy0xNS0yNS0wMi5sb2c=.log=2017-01-23-15-25-02MjAxNy0wMS0yMy0xNS0yNS0wMi5sb2c=.log, 2017-01-23-14-58-34MjAxNy0wMS0yMy0xNC01OC0zNC5sb2c= copy 2.log=2017-01-23-14-58-34MjAxNy0wMS0yMy0xNC01OC0zNC5sb2c= copy 2.log, 2017-01-23-14-30-18MjAxNy0wMS0yMy0xNC0zMC0xOC5sb2c= copy.log=2017-01-23-14-30-18MjAxNy0wMS0yMy0xNC0zMC0xOC5sb2c= copy.log, 2017-01-23-14-30-18MjAxNy0wMS0yMy0xNC0zMC0xOC5sb2c= copy 3.log=2017-01-23-14-30-18MjAxNy0wMS0yMy0xNC0zMC0xOC5sb2c= copy 3.log, 2017-01-23-15-25-02MjAxNy0wMS0yMy0xNS0yNS0wMi5sb2c= copy 4.log=2017-01-23-15-25-02MjAxNy0wMS0yMy0xNS0yNS0wMi5sb2c= copy 4.log, 2017-01-23-15-25-02MjAxNy0wMS0yMy0xNS0yNS0wMi5sb2c= copy 6.log=2017-01-23-15-25-02MjAxNy0wMS0yMy0xNS0yNS0wMi5sb2c= copy 6.log, 2017-01-23-14-58-57MjAxNy0wMS0yMy0xNC01OC01Ny5sb2c=.log=2017-01-23-14-58-57MjAxNy0wMS0yMy0xNC01OC01Ny5sb2c=.log, 2017-01-23-15-24-12MjAxNy0wMS0yMy0xNS0yNC0xMi5sb2c= copy.log=2017-01-23-15-24-12MjAxNy0wMS0yMy0xNS0yNC0xMi5sb2c= copy.log, 2017-01-23-19-19-32MjAxNy0wMS0yMy0xOS0xOS0zMi5sb2c=.log=2017-01-23-19-19-32MjAxNy0wMS0yMy0xOS0xOS0zMi5sb2c=.log, 2017-01-23-15-24-12MjAxNy0wMS0yMy0xNS0yNC0xMi5sb2c= copy 3.log=2017-01-23-15-24-12MjAxNy0wMS0yMy0xNS0yNC0xMi5sb2c= copy 3.log, 2017-01-23-19-14-36MjAxNy0wMS0yMy0xOS0xNC0zNi5sb2c=.log=2017-01-23-19-14-36MjAxNy0wMS0yMy0xOS0xNC0zNi5sb2c=.log, 2017-01-23-15-25-02MjAxNy0wMS0yMy0xNS0yNS0wMi5sb2c= copy 5.log=2017-01-23-15-25-02MjAxNy0wMS0yMy0xNS0yNS0wMi5sb2c= copy 5.log}

> HashMap values before deletions:
2017-01-23-15-25-02MjAxNy0wMS0yMy0xNS0yNS0wMi5sb2c= copy.log->2017-01-23-15-25-02MjAxNy0wMS0yMy0xNS0yNS0wMi5sb2c= copy.log
2017-01-23-19-17-27MjAxNy0wMS0yMy0xOS0xNy0yNy5sb2c=.log->2017-01-23-19-17-27MjAxNy0wMS0yMy0xOS0xNy0yNy5sb2c=.log
2017-01-23-14-30-18MjAxNy0wMS0yMy0xNC0zMC0xOC5sb2c=.log->2017-01-23-14-30-18MjAxNy0wMS0yMy0xNC0zMC0xOC5sb2c=.log
2017-01-23-15-24-12MjAxNy0wMS0yMy0xNS0yNC0xMi5sb2c= copy 2.log->2017-01-23-15-24-12MjAxNy0wMS0yMy0xNS0yNC0xMi5sb2c= copy 2.log
2017-01-23-15-25-02MjAxNy0wMS0yMy0xNS0yNS0wMi5sb2c= copy 2.log->2017-01-23-15-25-02MjAxNy0wMS0yMy0xNS0yNS0wMi5sb2c= copy 2.log
2017-01-23-14-58-57MjAxNy0wMS0yMy0xNC01OC01Ny5sb2c= copy 2.log->2017-01-23-14-58-57MjAxNy0wMS0yMy0xNC01OC01Ny5sb2c= copy 2.log
2017-01-23-15-24-12MjAxNy0wMS0yMy0xNS0yNC0xMi5sb2c=.log->2017-01-23-15-24-12MjAxNy0wMS0yMy0xNS0yNC0xMi5sb2c=.log
2017-01-23-14-58-34MjAxNy0wMS0yMy0xNC01OC0zNC5sb2c= copy 3.log->2017-01-23-14-58-34MjAxNy0wMS0yMy0xNC01OC0zNC5sb2c= copy 3.log
2017-01-23-14-30-18MjAxNy0wMS0yMy0xNC0zMC0xOC5sb2c= copy 2.log->2017-01-23-14-30-18MjAxNy0wMS0yMy0xNC0zMC0xOC5sb2c= copy 2.log
2017-01-23-14-58-34MjAxNy0wMS0yMy0xNC01OC0zNC5sb2c=.log->2017-01-23-14-58-34MjAxNy0wMS0yMy0xNC01OC0zNC5sb2c=.log
2017-01-23-14-58-57MjAxNy0wMS0yMy0xNC01OC01Ny5sb2c= copy.log->2017-01-23-14-58-57MjAxNy0wMS0yMy0xNC01OC01Ny5sb2c= copy.log
2017-01-23-14-58-57MjAxNy0wMS0yMy0xNC01OC01Ny5sb2c= copy 3.log->2017-01-23-14-58-57MjAxNy0wMS0yMy0xNC01OC01Ny5sb2c= copy 3.log
2017-01-23-15-25-02MjAxNy0wMS0yMy0xNS0yNS0wMi5sb2c= copy 3.log->2017-01-23-15-25-02MjAxNy0wMS0yMy0xNS0yNS0wMi5sb2c= copy 3.log
2017-01-23-14-58-34MjAxNy0wMS0yMy0xNC01OC0zNC5sb2c= copy.log->2017-01-23-14-58-34MjAxNy0wMS0yMy0xNC01OC0zNC5sb2c= copy.log
2017-01-23-15-25-02MjAxNy0wMS0yMy0xNS0yNS0wMi5sb2c=.log->2017-01-23-15-25-02MjAxNy0wMS0yMy0xNS0yNS0wMi5sb2c=.log
2017-01-23-14-58-34MjAxNy0wMS0yMy0xNC01OC0zNC5sb2c= copy 2.log->2017-01-23-14-58-34MjAxNy0wMS0yMy0xNC01OC0zNC5sb2c= copy 2.log
2017-01-23-14-30-18MjAxNy0wMS0yMy0xNC0zMC0xOC5sb2c= copy.log->2017-01-23-14-30-18MjAxNy0wMS0yMy0xNC0zMC0xOC5sb2c= copy.log
2017-01-23-14-30-18MjAxNy0wMS0yMy0xNC0zMC0xOC5sb2c= copy 3.log->2017-01-23-14-30-18MjAxNy0wMS0yMy0xNC0zMC0xOC5sb2c= copy 3.log
2017-01-23-15-25-02MjAxNy0wMS0yMy0xNS0yNS0wMi5sb2c= copy 4.log->2017-01-23-15-25-02MjAxNy0wMS0yMy0xNS0yNS0wMi5sb2c= copy 4.log
2017-01-23-15-25-02MjAxNy0wMS0yMy0xNS0yNS0wMi5sb2c= copy 6.log->2017-01-23-15-25-02MjAxNy0wMS0yMy0xNS0yNS0wMi5sb2c= copy 6.log
2017-01-23-14-58-57MjAxNy0wMS0yMy0xNC01OC01Ny5sb2c=.log->2017-01-23-14-58-57MjAxNy0wMS0yMy0xNC01OC01Ny5sb2c=.log
2017-01-23-15-24-12MjAxNy0wMS0yMy0xNS0yNC0xMi5sb2c= copy.log->2017-01-23-15-24-12MjAxNy0wMS0yMy0xNS0yNC0xMi5sb2c= copy.log
2017-01-23-19-19-32MjAxNy0wMS0yMy0xOS0xOS0zMi5sb2c=.log->2017-01-23-19-19-32MjAxNy0wMS0yMy0xOS0xOS0zMi5sb2c=.log
2017-01-23-15-24-12MjAxNy0wMS0yMy0xNS0yNC0xMi5sb2c= copy 3.log->2017-01-23-15-24-12MjAxNy0wMS0yMy0xNS0yNC0xMi5sb2c= copy 3.log
2017-01-23-19-14-36MjAxNy0wMS0yMy0xOS0xNC0zNi5sb2c=.log->2017-01-23-19-14-36MjAxNy0wMS0yMy0xOS0xNC0zNi5sb2c=.log
2017-01-23-15-25-02MjAxNy0wMS0yMy0xNS0yNS0wMi5sb2c= copy 5.log->2017-01-23-15-25-02MjAxNy0wMS0yMy0xNS0yNS0wMi5sb2c= copy 5.log
Exception in thread "main" java.lang.IndexOutOfBoundsException: Index: 26, Size: 26
	at java.util.ArrayList.rangeCheck(ArrayList.java:653)
	at java.util.ArrayList.get(ArrayList.java:429)
	at Utils.FileUtilities.FileManager.purgeOldLogFilesFromAppData(FileManager.java:107)
	at Utils.FileUtilities.FileManager.<init>(FileManager.java:63)
	at Main.KSPMMDriver.initFileManager(KSPMMDriver.java:83)
	at Main.KSPMMDriver.main(KSPMMDriver.java:42)
